<?xml version="1.0" encoding="UTF-8"?>
<!-- Generated by org.testng.reporters.JUnitReportReporter -->
<testsuite hostname="DESKTOP-QQROTGG" failures="0" tests="1" name="testng.sumo" time="0.015" errors="0" timestamp="2022-08-18T21:01:59 IST" skipped="0">
  <testcase classname="testng.sumo" name="f" time="0.015"/>
  <system-out>
    <![CDATA[I Am from method f,true]]>
  </system-out>
</testsuite> <!-- testng.sumo -->
