<?xml version="1.0" encoding="UTF-8"?>
<!-- Generated by org.testng.reporters.JUnitReportReporter -->
<testsuite hostname="DESKTOP-QQROTGG" failures="0" tests="1" name="testng.R2" time="0.015" errors="0" timestamp="2022-08-19T11:55:40 IST" skipped="0">
  <testcase classname="testng.R2" name="f" time="0.015"/>
  <system-out>
    <![CDATA[Its R2 class]]>
  </system-out>
</testsuite> <!-- testng.R2 -->
