<?xml version="1.0" encoding="UTF-8"?>
<!-- Generated by org.testng.reporters.JUnitReportReporter -->
<testsuite hostname="DESKTOP-QQROTGG" failures="0" tests="1" name="testng.R1" time="0.016" errors="0" timestamp="2022-08-19T11:55:32 IST" skipped="0">
  <testcase classname="testng.R1" name="f" time="0.016"/>
  <system-out>
    <![CDATA[Its R1 class]]>
  </system-out>
</testsuite> <!-- testng.R1 -->
