<?xml version="1.0" encoding="UTF-8"?>
<!-- Generated by org.testng.reporters.JUnitReportReporter -->
<testsuite hostname="DESKTOP-QQROTGG" failures="0" tests="1" name="testng.demo1" time="0.006" errors="0" timestamp="2022-08-18T21:01:38 IST" skipped="0">
  <testcase classname="testng.demo1" name="f" time="0.006"/>
  <system-out>
    <![CDATA[I Am method f]]>
  </system-out>
</testsuite> <!-- testng.demo1 -->
