<?xml version="1.0" encoding="UTF-8"?>
<!-- Generated by org.testng.reporters.JUnitReportReporter -->
<testsuite hostname="DESKTOP-QQROTGG" failures="0" tests="1" name="testng.R3" time="0.015" errors="0" timestamp="2022-08-19T11:55:48 IST" skipped="0">
  <testcase classname="testng.R3" name="f" time="0.015"/>
  <system-out>
    <![CDATA[its R3 class]]>
  </system-out>
</testsuite> <!-- testng.R3 -->
