<?xml version="1.0" encoding="UTF-8"?>
<!-- Generated by org.testng.reporters.JUnitReportReporter -->
<testsuite hostname="DESKTOP-QQROTGG" failures="0" tests="1" name="testng.demo" time="0.015" errors="0" timestamp="2022-08-18T21:01:20 IST" skipped="0">
  <testcase classname="testng.demo" name="f" time="0.015"/>
  <system-out/>
</testsuite> <!-- testng.demo -->
